
> hangouts-3.0@0.1.0 dev
> next dev --turbopack

   ▲ Next.js 15.5.2 (Turbopack)
   - Local:        http://localhost:3000
   - Network:      http://192.168.86.46:3000
   - Environments: .env.local, .env

 ✓ Starting...
 ✓ Ready in 647ms
 ○ Compiling /signin ...
 ✓ Compiled /signin in 1372ms
 GET /signin 200 in 1563ms
 ✓ Compiled /dashboard in 121ms
 GET /dashboard 200 in 156ms
 GET /dashboard 200 in 42ms
 GET /dashboard 200 in 92ms
 GET /dashboard 200 in 35ms
 GET /dashboard 200 in 58ms
 ✓ Compiled /favicon.ico in 222ms
 GET /favicon.ico?favicon.0b3bf435.ico 200 in 404ms
 GET /api/notifications/preferences 200 in 535ms
 GET /api/auth/me 200 in 542ms
 GET /api/notifications?limit=20 200 in 541ms
 GET /api/hangouts 200 in 545ms
 GET /api/friends 200 in 527ms
 ✓ Compiled /api/friends/requests in 152ms
 GET /favicon.ico?favicon.0b3bf435.ico 200 in 347ms
 GET /api/friends/requests 200 in 386ms
 ✓ Compiled /create in 136ms
 GET /create 200 in 154ms
 ✓ Compiled in 34ms
 ✓ Compiled in 21ms
 ✓ Compiled in 19ms
 ✓ Compiled in 23ms
 ✓ Compiled in 24ms
 ✓ Compiled in 19ms
 ✓ Compiled in 35ms
 ✓ Compiled in 19ms
 ✓ Compiled in 36ms
 ✓ Compiled in 28ms
 ✓ Compiled in 18ms
 ✓ Compiled in 24ms
 GET /create 200 in 156ms
 GET /dashboard 200 in 105ms
 GET /dashboard 200 in 31ms
 ✓ Compiled /discover in 136ms
 GET /discover 200 in 158ms
 GET /api/hangouts?privacy=PUBLIC&limit=20 200 in 244ms
 GET /api/hangouts?privacy=PUBLIC&limit=20 200 in 231ms
 GET /create 200 in 43ms
 ✓ Compiled in 49ms
 ✓ Compiled in 20ms
 ✓ Compiled in 23ms
 ✓ Compiled in 25ms
 ✓ Compiled in 31ms
 ✓ Compiled in 23ms
 ✓ Compiled in 25ms
 ✓ Compiled in 56ms
 ✓ Compiled in 19ms
 GET /create 200 in 176ms
 ✓ Compiled in 27ms
 ✓ Compiled in 32ms
 ✓ Compiled in 23ms
 ✓ Compiled in 20ms
 GET /create 200 in 31ms
 ✓ Compiled in 21ms
 ✓ Compiled in 20ms
 ✓ Compiled /dashboard in 11ms
 GET /dashboard 200 in 153ms
 GET /dashboard 200 in 45ms
 GET /create 200 in 36ms
 ✓ Compiled /friends in 126ms
 GET /friends 200 in 149ms
 ✓ Compiled /profile in 121ms
 GET /profile 200 in 144ms
 GET /dashboard 200 in 40ms
 ✓ Compiled in 52ms
 ✓ Compiled in 29ms
 ✓ Compiled in 28ms
 ✓ Compiled in 25ms
 ✓ Compiled in 24ms
 ✓ Compiled in 23ms
 ✓ Compiled in 25ms
 GET /create 200 in 194ms
 GET /create 200 in 46ms
 ✓ Compiled in 27ms
 ✓ Compiled in 24ms
 GET /create 200 in 36ms
 ✓ Compiled in 27ms
 ✓ Compiled in 59ms
 ✓ Compiled in 23ms
 ✓ Compiled /profile in 10ms
 GET /profile 200 in 175ms
 GET /profile 200 in 45ms
 GET /profile 200 in 49ms
 GET /profile 200 in 42ms
 GET /profile 200 in 58ms
 GET /api/auth/me 200 in 292ms
 GET /api/hangouts 200 in 284ms
 GET /api/notifications/preferences 200 in 281ms
 GET /api/friends 200 in 282ms
 GET /api/friends/requests 200 in 254ms
 GET /api/notifications?limit=20 200 in 287ms
 ✓ Compiled / in 125ms
 GET / 200 in 160ms
 GET /api/auth/me 200 in 262ms
 GET /api/hangouts 200 in 259ms
 GET /api/notifications/preferences 200 in 257ms
 GET /api/friends 200 in 257ms
 GET /api/notifications?limit=20 200 in 263ms
 GET /api/friends/requests 200 in 242ms
 GET /dashboard 200 in 62ms
 ✓ Compiled in 37ms
 ✓ Compiled in 21ms
 ✓ Compiled in 22ms
 GET /dashboard 200 in 75ms
 GET /create 200 in 37ms
 GET /dashboard 200 in 44ms
 GET /create 200 in 33ms
 ✓ Compiled in 61ms
 ✓ Compiled in 31ms
 ✓ Compiled in 22ms
 ✓ Compiled in 22ms
 GET /create 200 in 238ms
 GET /friends 200 in 76ms
 GET /create 200 in 90ms
 GET /favicon.ico?favicon.0b3bf435.ico 200 in 248ms
 GET /api/auth/me 200 in 259ms
 GET /api/hangouts 200 in 253ms
 GET /api/notifications/preferences 200 in 256ms
 GET /api/notifications?limit=20 200 in 257ms
 GET /api/friends 200 in 258ms
 GET /favicon.ico?favicon.0b3bf435.ico 200 in 252ms
 GET /api/friends/requests 200 in 254ms
 GET /discover 200 in 33ms
 GET /api/hangouts?privacy=PUBLIC&limit=20 200 in 233ms
 GET /api/hangouts?privacy=PUBLIC&limit=20 200 in 238ms
 GET /friends 200 in 40ms
 ✓ Compiled /profile in 22ms
 GET /profile 200 in 92ms
 GET /dashboard 200 in 35ms
 GET /dashboard 200 in 138ms
 ✓ Compiled in 42ms
 ✓ Compiled in 30ms
 ✓ Compiled in 29ms
 ✓ Compiled in 30ms
 ✓ Compiled in 29ms
 ✓ Compiled in 27ms
 ✓ Compiled in 33ms
 ✓ Compiled in 34ms
 ✓ Compiled in 31ms
 ✓ Compiled in 30ms
 ✓ Compiled in 29ms
 ✓ Compiled in 26ms
 GET /dashboard 200 in 54ms
 GET /create 200 in 65ms
 ✓ Compiled in 21ms
 ✓ Compiled in 18ms
 ✓ Compiled in 20ms
 ✓ Compiled in 20ms
 ✓ Compiled in 19ms
 ✓ Compiled in 30ms
 ✓ Compiled in 22ms
 ✓ Compiled in 19ms
 GET /create 200 in 213ms
 GET /dashboard 200 in 59ms
 GET /discover 200 in 56ms
 GET /api/hangouts?privacy=PUBLIC&limit=20 200 in 246ms
 GET /api/hangouts?privacy=PUBLIC&limit=20 200 in 229ms
 GET /dashboard 200 in 38ms
 GET /create 200 in 56ms
 GET /create 200 in 79ms
 GET /dashboard 200 in 30ms
 GET /dashboard 200 in 29ms
 ✓ Compiled in 68ms
 ✓ Compiled in 22ms
 ✓ Compiled in 19ms
 ✓ Compiled in 18ms
 GET /create 200 in 266ms
 GET /dashboard 200 in 79ms
 GET /favicon.ico?favicon.0b3bf435.ico 200 in 262ms
 GET /api/auth/me 200 in 274ms
 GET /api/notifications/preferences 200 in 271ms
 GET /api/hangouts 200 in 272ms
 GET /api/notifications?limit=20 200 in 272ms
 GET /api/friends 200 in 245ms
 GET /favicon.ico?favicon.0b3bf435.ico 200 in 240ms
 GET /api/friends/requests 200 in 241ms
 GET / 200 in 73ms
 GET /api/auth/me 200 in 252ms
 GET /api/hangouts 200 in 253ms
 GET /api/notifications/preferences 200 in 255ms
 GET /api/notifications?limit=20 200 in 259ms
 GET /api/friends 200 in 259ms
 GET /api/friends/requests 200 in 239ms
 GET /dashboard 200 in 30ms
 ✓ Compiled in 27ms
 ✓ Compiled in 19ms
 GET /dashboard 200 in 153ms
 GET /dashboard 200 in 99ms
 GET /favicon.ico?favicon.0b3bf435.ico 200 in 260ms
 GET /api/auth/me 200 in 255ms
 GET /api/hangouts 200 in 254ms
 GET /api/notifications/preferences 200 in 253ms
 GET /api/notifications?limit=20 200 in 258ms
 GET /api/friends 200 in 236ms
 GET /favicon.ico?favicon.0b3bf435.ico 200 in 241ms
 GET /api/friends/requests 200 in 242ms
 GET /dashboard 200 in 49ms
 GET /favicon.ico?favicon.0b3bf435.ico 200 in 248ms
 GET /api/auth/me 200 in 249ms
 GET /api/hangouts 200 in 251ms
 GET /api/notifications/preferences 200 in 252ms
 GET /api/notifications?limit=20 200 in 254ms
 GET /api/friends 200 in 242ms
 GET /favicon.ico?favicon.0b3bf435.ico 200 in 243ms
 GET /api/friends/requests 200 in 244ms
 GET /discover 200 in 41ms
 GET /api/hangouts?privacy=PUBLIC&limit=20 200 in 234ms
 GET /api/hangouts?privacy=PUBLIC&limit=20 200 in 238ms
 GET /dashboard 200 in 38ms
 GET /dashboard 200 in 35ms
 ✓ Compiled in 34ms
 ✓ Compiled in 20ms
 ✓ Compiled in 22ms
 ✓ Compiled in 17ms
 GET /friends 200 in 39ms
 GET /friends 200 in 42ms
 GET /friends 200 in 40ms
 GET /dashboard 200 in 164ms
 GET /profile 200 in 36ms
 GET /friends 200 in 34ms
 GET /dashboard 200 in 31ms
 GET /dashboard 200 in 78ms
 GET /favicon.ico?favicon.0b3bf435.ico 200 in 240ms
 GET /api/auth/me 200 in 251ms
 GET /api/hangouts 200 in 249ms
 GET /api/notifications/preferences 200 in 253ms
 GET /api/notifications?limit=20 200 in 255ms
 GET /api/friends 200 in 252ms
 GET /favicon.ico?favicon.0b3bf435.ico 200 in 246ms
 GET /api/friends/requests 200 in 247ms
 GET /dashboard 200 in 69ms
 GET /favicon.ico?favicon.0b3bf435.ico 200 in 268ms
 GET /api/auth/me 200 in 282ms
 GET /api/notifications/preferences 200 in 262ms
 GET /api/hangouts 200 in 275ms
 GET /api/notifications?limit=20 200 in 268ms
 GET /api/friends 200 in 233ms
 GET /favicon.ico?favicon.0b3bf435.ico 200 in 230ms
 GET /api/friends/requests 200 in 235ms
 ✓ Compiled in 36ms
 ✓ Compiled in 37ms
 ✓ Compiled in 23ms
 ✓ Compiled in 22ms
 GET /dashboard 200 in 197ms
 GET /discover 200 in 32ms
 GET /api/hangouts?privacy=PUBLIC&limit=20 200 in 245ms
 GET /api/hangouts?privacy=PUBLIC&limit=20 200 in 230ms
 GET /dashboard 200 in 49ms
 ✓ Compiled in 36ms
 ✓ Compiled in 75ms
 ✓ Compiled in 32ms
 ✓ Compiled in 28ms
 ✓ Compiled in 29ms
 ✓ Compiled in 32ms
 GET /dashboard 200 in 48ms
 GET /dashboard 200 in 41ms
 GET /create 200 in 55ms
 ✓ Compiled in 44ms
 ✓ Compiled in 26ms
 ✓ Compiled in 57ms
 ✓ Compiled in 25ms
 ✓ Compiled in 24ms
 GET /dashboard 200 in 188ms
 GET /dashboard 200 in 45ms
 GET /dashboard 200 in 45ms
 GET /create 200 in 74ms
 ✓ Compiled in 33ms
 ✓ Compiled in 71ms
 GET /discover 200 in 74ms
 GET /api/hangouts?privacy=PUBLIC&limit=20 200 in 241ms
 GET /api/hangouts?privacy=PUBLIC&limit=20 200 in 230ms
 ✓ Compiled in 36ms
 ✓ Compiled in 33ms
 ✓ Compiled in 33ms
 GET /discover 200 in 181ms
 GET /discover 200 in 67ms
 GET /dashboard 200 in 48ms
 GET /dashboard 200 in 46ms
 GET /dashboard 200 in 47ms
 GET /dashboard 200 in 69ms
 GET /create 200 in 38ms
 ✓ Compiled in 55ms
 ✓ Compiled in 22ms
 ✓ Compiled in 23ms
 ✓ Compiled in 23ms
 ✓ Compiled in 58ms
 ✓ Compiled in 37ms
 ✓ Compiled in 22ms
 ✓ Compiled in 28ms
 ✓ Compiled in 34ms
 GET /create 200 in 202ms
 GET /create 200 in 49ms
 GET /create 200 in 53ms
 GET /create 200 in 76ms
 GET /favicon.ico?favicon.0b3bf435.ico 200 in 233ms
 GET /api/auth/me 200 in 251ms
 GET /api/hangouts 200 in 255ms
 GET /api/notifications?limit=20 200 in 257ms
 GET /api/friends 200 in 258ms
 GET /api/notifications/preferences 200 in 259ms
 GET /favicon.ico?favicon.0b3bf435.ico 200 in 233ms
 GET /api/friends/requests 200 in 237ms
 GET /friends 200 in 46ms
 GET /profile 200 in 45ms
 GET /dashboard 200 in 52ms
 GET /discover 200 in 42ms
 GET /api/hangouts?privacy=PUBLIC&limit=20 200 in 242ms
 GET /api/hangouts?privacy=PUBLIC&limit=20 200 in 229ms
 GET /create 200 in 42ms
 ✓ Compiled in 31ms
 ✓ Compiled in 21ms
 GET /create 200 in 179ms
 GET /create 200 in 79ms
 GET /favicon.ico?favicon.0b3bf435.ico 200 in 231ms
 GET /api/auth/me 200 in 237ms
 GET /api/hangouts 200 in 248ms
 GET /api/friends 200 in 248ms
 GET /api/notifications/preferences 200 in 248ms
 GET /api/notifications?limit=20 200 in 250ms
 GET /favicon.ico?favicon.0b3bf435.ico 200 in 235ms
 GET /api/friends/requests 200 in 237ms
 GET /friends 200 in 34ms
 GET /create 200 in 56ms
 ✓ Compiled in 26ms
 GET /create 200 in 92ms
 GET /dashboard 200 in 35ms
 GET /create 200 in 27ms
 ✓ Compiled in 23ms
 ✓ Compiled in 22ms
 GET /create 200 in 189ms
 GET /create 200 in 64ms
 GET /create 200 in 50ms
 ✓ Compiled in 29ms
 GET /create 200 in 171ms
 ✓ Compiled in 39ms
 ✓ Compiled in 22ms
 ✓ Compiled in 25ms
 ✓ Compiled in 23ms
 ✓ Compiled in 22ms
 ✓ Compiled in 37ms
 ✓ Compiled in 21ms
 ✓ Compiled in 21ms
 ✓ Compiled in 21ms
 ✓ Compiled in 22ms
 ✓ Compiled in 25ms
 ✓ Compiled in 23ms
 ✓ Compiled in 20ms
 ✓ Compiled in 36ms
 ✓ Compiled in 31ms
 GET /create 200 in 182ms
 GET /dashboard 200 in 142ms
 GET /dashboard 200 in 48ms
 GET /create 200 in 62ms
 GET /favicon.ico?favicon.0b3bf435.ico 200 in 229ms
 GET /api/auth/me 200 in 248ms
 GET /api/notifications/preferences 200 in 250ms
 GET /api/notifications?limit=20 200 in 253ms
 GET /api/hangouts 200 in 256ms
 GET /api/friends 200 in 258ms
 GET /favicon.ico?favicon.0b3bf435.ico 200 in 233ms
 GET /api/friends/requests 200 in 235ms
 GET /discover 200 in 88ms
 GET /api/hangouts?privacy=PUBLIC&limit=20 200 in 230ms
 GET /api/hangouts?privacy=PUBLIC&limit=20 200 in 235ms
 GET /dashboard 200 in 41ms
 GET /profile 200 in 33ms
 GET /friends 200 in 46ms
 ✓ Compiled in 32ms
 ✓ Compiled in 20ms
Current privacy level: PRIVATE
 GET /create 200 in 167ms
 ✓ Compiled in 23ms
 ✓ Compiled in 24ms
Current privacy level: PRIVATE
 GET /create 200 in 152ms
 GET /friends 200 in 40ms
 GET /friends 200 in 33ms
 ✓ Compiled in 24ms
 ✓ Compiled /friends in 12ms
 GET /friends 200 in 70ms
 GET /friends 200 in 26ms
 GET /friends 200 in 24ms
 GET /friends 200 in 23ms
 GET /friends 200 in 26ms
 GET /friends 200 in 24ms
 GET /friends 200 in 23ms
 ✓ Compiled /friends in 40ms
 GET /friends 200 in 353ms
 GET /friends 200 in 336ms
 GET /favicon.ico?favicon.0b3bf435.ico 200 in 230ms
 GET /api/auth/me 200 in 240ms
 GET /api/hangouts 200 in 245ms
 GET /api/notifications/preferences 200 in 243ms
 GET /api/notifications?limit=20 200 in 245ms
 GET /api/friends 200 in 239ms
 GET /api/friends/requests 200 in 230ms
 GET /favicon.ico?favicon.0b3bf435.ico 200 in 232ms
 ✓ Compiled /create in 13ms
Current privacy level: PRIVATE
 GET /create 200 in 159ms
 ✓ Compiled in 30ms
 ✓ Compiled in 23ms
 ✓ Compiled in 27ms
 GET /friends 200 in 94ms
 GET /friends 200 in 24ms
 ✓ Compiled in 54ms
 GET /friends 200 in 39ms
 ✓ Compiled in 25ms
 ✓ Compiled /friends in 10ms
 GET /friends 200 in 68ms
 GET /friends 200 in 24ms
 GET /friends 200 in 24ms
 GET /friends 200 in 24ms
 GET /friends 200 in 25ms
 GET /friends 200 in 22ms
 GET /friends 200 in 39ms
 ✓ Compiled /friends in 13ms
 GET /friends 200 in 213ms
 GET /friends 200 in 223ms
 GET /favicon.ico?favicon.0b3bf435.ico 200 in 256ms
 GET /api/auth/me 200 in 282ms
 GET /api/hangouts 200 in 333ms
 GET /api/notifications?limit=20 200 in 364ms
 GET /api/notifications/preferences 200 in 361ms
 GET /api/friends 200 in 362ms
 GET /favicon.ico?favicon.0b3bf435.ico 200 in 274ms
 GET /api/friends/requests 200 in 284ms
 ✓ Compiled / in 9ms
 GET / 200 in 107ms
 ✓ Compiled in 26ms
 ✓ Compiled in 26ms
 ✓ Compiled in 27ms
 ✓ Compiled in 25ms
 GET / 200 in 33ms
 ✓ Compiled /create in 14ms
 GET /create 200 in 77ms
 GET /create 200 in 144ms
 GET /favicon.ico?favicon.0b3bf435.ico 200 in 237ms
 GET /api/auth/me 200 in 279ms
 GET /api/hangouts 200 in 281ms
 GET /api/notifications/preferences 200 in 281ms
 GET /api/friends 200 in 282ms
 GET /api/notifications?limit=20 200 in 282ms
 GET /favicon.ico?favicon.0b3bf435.ico 200 in 229ms
 GET /api/friends/requests 200 in 231ms
 GET / 200 in 65ms
 GET /api/auth/me 200 in 257ms
 GET /api/hangouts 200 in 258ms
 GET /api/notifications/preferences 200 in 262ms
 GET /api/friends 200 in 262ms
 GET /api/friends/requests 200 in 245ms
 GET /api/notifications?limit=20 200 in 264ms
 ✓ Compiled /dashboard in 14ms
 GET /dashboard 200 in 70ms
 GET /create 200 in 34ms
 ✓ Compiled in 35ms
 ✓ Compiled in 25ms
 GET / 200 in 39ms
 GET /create 200 in 206ms
 GET /favicon.ico?favicon.0b3bf435.ico 200 in 243ms
 GET /api/auth/me 200 in 236ms
 GET /api/hangouts 200 in 258ms
 GET /api/notifications?limit=20 200 in 260ms
 GET /api/notifications/preferences 200 in 260ms
 GET /api/friends 200 in 260ms
 GET /favicon.ico?favicon.0b3bf435.ico 200 in 232ms
 GET /api/friends/requests 200 in 234ms
 GET /create 200 in 70ms
 GET /favicon.ico?favicon.0b3bf435.ico 200 in 228ms
 GET /api/auth/me 200 in 225ms
 GET /api/hangouts 200 in 242ms
 GET /api/notifications/preferences 200 in 242ms
 GET /api/notifications?limit=20 200 in 243ms
 GET /api/friends 200 in 244ms
 GET /favicon.ico?favicon.0b3bf435.ico 200 in 231ms
 GET /api/friends/requests 200 in 232ms
 GET /create 200 in 45ms
 GET /create 200 in 43ms
 GET /create 200 in 84ms
 GET /favicon.ico?favicon.0b3bf435.ico 200 in 230ms
 GET /api/auth/me 200 in 223ms
 GET /api/hangouts 200 in 250ms
 GET /api/notifications/preferences 200 in 250ms
 GET /api/friends 200 in 250ms
 GET /api/notifications?limit=20 200 in 251ms
 GET /favicon.ico?favicon.0b3bf435.ico 200 in 237ms
 GET /api/friends/requests 200 in 239ms
 ✓ Compiled /hangout/[id] in 163ms
 GET /hangout/hangout_1756875349421 200 in 471ms
 ✓ Compiled in 27ms
 ✓ Compiled in 37ms
 ✓ Compiled in 26ms
 ✓ Compiled in 27ms
 ✓ Compiled in 27ms
 GET / 200 in 43ms
 GET /create 200 in 80ms
 GET /favicon.ico?favicon.0b3bf435.ico 500 in 36ms
 GET /favicon.ico?favicon.0b3bf435.ico 500 in 67ms
 ✓ Compiled /_error in 497ms
 GET /api/auth/me 500 in 684ms
 GET /api/friends 500 in 664ms
 GET /api/notifications?limit=20 500 in 664ms
 GET /api/hangouts 500 in 664ms
 GET /api/friends/requests 500 in 663ms
 GET /api/notifications/preferences 500 in 665ms
 GET / 200 in 57ms
 GET /favicon.ico?favicon.0b3bf435.ico 500 in 35ms
 ✓ Compiled /signin in 22ms
 GET /signin 200 in 88ms
 GET /favicon.ico?favicon.0b3bf435.ico 500 in 73ms
 GET /favicon.ico?favicon.0b3bf435.ico 500 in 23ms
 GET /favicon.ico?favicon.0b3bf435.ico 500 in 23ms
 GET /favicon.ico?favicon.0b3bf435.ico 500 in 25ms
 GET /favicon.ico?favicon.0b3bf435.ico 500 in 14ms
 GET /signin 200 in 35ms
 ✓ Compiled in 28ms
 GET / 200 in 41ms
 ✓ Compiled /api/auth/signin in 68ms
 POST /api/auth/signin 200 in 539ms
 GET /dashboard 200 in 65ms
 GET /dashboard 200 in 23ms
 GET /api/hangouts 200 in 268ms
 GET /api/friends 200 in 270ms
 GET /api/notifications?limit=20 200 in 277ms
 GET /api/notifications/preferences 200 in 275ms
 GET /api/friends/requests 200 in 276ms
 GET /favicon.ico?favicon.0b3bf435.ico 200 in 225ms
 GET /favicon.ico?favicon.0b3bf435.ico 200 in 224ms
 GET /create 200 in 30ms
 ✓ Compiled /hangout/[id] in 16ms
 GET /hangout/hangout_1756875791743 200 in 81ms
 ✓ Compiled in 29ms
 ✓ Compiled in 27ms
 ✓ Compiled in 75ms
 ✓ Compiled in 34ms
 ✓ Compiled in 32ms
 ✓ Compiled in 30ms
 ✓ Compiled in 42ms
 ⨯ ./src/contexts/HangoutStateContext.tsx:790:9
Ecmascript file had an error
[0m [90m 788 |[39m   }[33m,[39m [])
 [90m 789 |[39m
[31m[1m>[22m[39m[90m 790 |[39m   [36mconst[39m addParticipant [33m=[39m useCallback([36masync[39m (hangoutId[33m:[39m string[33m,[39m userId[33m:[39m string[33m,[39m role[33m:[39m [33mParticipantRole[39m)[33m:[39m [33mPromise[39m[33m<[39m[36mvoid[39m[33m>[39m [33m=>[39m {
 [90m     |[39m         [31m[1m^[22m[39m[31m[1m^[22m[39m[31m[1m^[22m[39m[31m[1m^[22m[39m[31m[1m^[22m[39m[31m[1m^[22m[39m[31m[1m^[22m[39m[31m[1m^[22m[39m[31m[1m^[22m[39m[31m[1m^[22m[39m[31m[1m^[22m[39m[31m[1m^[22m[39m[31m[1m^[22m[39m[31m[1m^[22m[39m
 [90m 791 |[39m     [36mtry[39m {
 [90m 792 |[39m       [90m// API call to add participant[39m
 [90m 793 |[39m       [36mconst[39m response [33m=[39m [36mawait[39m fetch([32m`/api/hangouts/${hangoutId}/participants`[39m[33m,[39m {[0m

the name `addParticipant` is defined multiple times

Import trace:
  Server Component:
    ./src/contexts/HangoutStateContext.tsx
    ./src/app/layout.tsx



./src/contexts/HangoutStateContext.tsx:746:9
Ecmascript file had an error
[0m [90m 744 |[39m   }[33m,[39m [])
 [90m 745 |[39m
[31m[1m>[22m[39m[90m 746 |[39m   [36mconst[39m updateParticipantRole [33m=[39m useCallback([36masync[39m (hangoutId[33m:[39m string[33m,[39m participantId[33m:[39m string[33m,[39m role[33m:[39m [33mParticipantRole[39m)[33m:[39m [33mPromise[39m[33m<[39m[36mvoid[39m[33m>[39m [33m=>[39m {
 [90m     |[39m         [31m[1m^[22m[39m[31m[1m^[22m[39m[31m[1m^[22m[39m[31m[1m^[22m[39m[31m[1m^[22m[39m[31m[1m^[22m[39m[31m[1m^[22m[39m[31m[1m^[22m[39m[31m[1m^[22m[39m[31m[1m^[22m[39m[31m[1m^[22m[39m[31m[1m^[22m[39m[31m[1m^[22m[39m[31m[1m^[22m[39m[31m[1m^[22m[39m[31m[1m^[22m[39m[31m[1m^[22m[39m[31m[1m^[22m[39m[31m[1m^[22m[39m[31m[1m^[22m[39m[31m[1m^[22m[39m
 [90m 747 |[39m     [36mtry[39m {
 [90m 748 |[39m       [90m// API call to update participant role[39m
 [90m 749 |[39m       [36mconst[39m response [33m=[39m [36mawait[39m fetch([32m`/api/hangouts/${hangoutId}/participants/${participantId}/role`[39m[33m,[39m {[0m

the name `updateParticipantRole` is defined multiple times

Import trace:
  Server Component:
    ./src/contexts/HangoutStateContext.tsx
    ./src/app/layout.tsx


 GET / 500 in 81ms
 ✓ Compiled in 29ms
 ⨯ ./src/contexts/HangoutStateContext.tsx:741:9
Ecmascript file had an error
[0m [90m 739 |[39m   }[33m,[39m [])
 [90m 740 |[39m
[31m[1m>[22m[39m[90m 741 |[39m   [36mconst[39m updateParticipantRole [33m=[39m useCallback([36masync[39m (hangoutId[33m:[39m string[33m,[39m participantId[33m:[39m string[33m,[39m role[33m:[39m [33mParticipantRole[39m)[33m:[39m [33mPromise[39m[33m<[39m[36mvoid[39m[33m>[39m [33m=>[39m {
 [90m     |[39m         [31m[1m^[22m[39m[31m[1m^[22m[39m[31m[1m^[22m[39m[31m[1m^[22m[39m[31m[1m^[22m[39m[31m[1m^[22m[39m[31m[1m^[22m[39m[31m[1m^[22m[39m[31m[1m^[22m[39m[31m[1m^[22m[39m[31m[1m^[22m[39m[31m[1m^[22m[39m[31m[1m^[22m[39m[31m[1m^[22m[39m[31m[1m^[22m[39m[31m[1m^[22m[39m[31m[1m^[22m[39m[31m[1m^[22m[39m[31m[1m^[22m[39m[31m[1m^[22m[39m[31m[1m^[22m[39m
 [90m 742 |[39m     [36mtry[39m {
 [90m 743 |[39m       [90m// API call to update participant role[39m
 [90m 744 |[39m       [36mconst[39m response [33m=[39m [36mawait[39m fetch([32m`/api/hangouts/${hangoutId}/participants/${participantId}/role`[39m[33m,[39m {[0m

the name `updateParticipantRole` is defined multiple times

Import trace:
  Server Component:
    ./src/contexts/HangoutStateContext.tsx
    ./src/app/layout.tsx


 GET / 500 in 43ms
 ✓ Compiled /hangout/[id] in 11ms
 ⚠ Fast Refresh had to perform a full reload when ./src/contexts/HangoutStateContext.tsx changed. Read more: https://nextjs.org/docs/messages/fast-refresh-reload
 GET /hangout/hangout_1756875791743 200 in 88ms
 GET /hangout/hangout_1756875791743 200 in 144ms
 GET /hangout/hangout_1756875791743 200 in 165ms
 GET /favicon.ico?favicon.0b3bf435.ico 200 in 248ms
 GET /api/auth/me 200 in 277ms
 GET /api/hangouts 200 in 266ms
 GET /api/notifications/preferences 200 in 253ms
 GET /api/friends 200 in 251ms
 GET /api/notifications?limit=20 200 in 271ms
 GET /favicon.ico?favicon.0b3bf435.ico 200 in 256ms
 GET /api/friends/requests 200 in 262ms
 ✓ Compiled / in 8ms
 GET / 200 in 43ms
 ✓ Compiled /create in 22ms
 GET /create 200 in 88ms
 ✓ Compiled /dashboard in 12ms
 GET /dashboard 200 in 220ms
 GET /create 200 in 66ms
 GET /hangout/test-hangout-1 200 in 55ms
 POST /api/hangouts 401 in 224ms
 ⚠ Fast Refresh had to perform a full reload when ./src/contexts/HangoutStateContext.tsx changed. Read more: https://nextjs.org/docs/messages/fast-refresh-reload
 ✓ Compiled in 32ms
 GET /create 200 in 197ms
 GET /favicon.ico?favicon.0b3bf435.ico 200 in 223ms
 GET /api/auth/me 200 in 229ms
 GET /api/hangouts 200 in 243ms
 GET /api/notifications/preferences 200 in 243ms
 GET /api/notifications?limit=20 200 in 246ms
 GET /api/friends 200 in 247ms
 GET /favicon.ico?favicon.0b3bf435.ico 200 in 238ms
 GET /api/friends/requests 200 in 241ms
 GET /hangout/test-hangout-1 200 in 44ms
 ⚠ Fast Refresh had to perform a full reload when ./src/contexts/HangoutStateContext.tsx changed. Read more: https://nextjs.org/docs/messages/fast-refresh-reload
 ✓ Compiled in 30ms
 GET /create 200 in 253ms
 GET /favicon.ico?favicon.0b3bf435.ico 200 in 229ms
 GET /api/auth/me 200 in 234ms
 GET /api/notifications/preferences 200 in 251ms
 GET /api/hangouts 200 in 252ms
 GET /api/friends 200 in 251ms
 GET /api/notifications?limit=20 200 in 253ms
 GET /favicon.ico?favicon.0b3bf435.ico 200 in 236ms
 GET /api/friends/requests 200 in 238ms
 GET /hangout/test-hangout-1 200 in 49ms
 GET /hangout/test-hangout-1 200 in 142ms
 ✓ Compiled in 27ms
 GET /create 200 in 62ms
 ✓ Compiled /test-mock in 113ms
 GET /test-mock 200 in 208ms
 GET /hangout/test-hangout-1 200 in 167ms
 GET /hangout/test-hangout-1 200 in 136ms
 GET /hangout/test-hangout-1 200 in 47ms
 GET /api/auth/me 200 in 306ms
 GET /hangout/test-hangout-1 200 in 165ms
 GET /favicon.ico?favicon.0b3bf435.ico 200 in 250ms
 GET /api/auth/me 200 in 262ms
 GET /favicon.ico?favicon.0b3bf435.ico 200 in 222ms
 ⚠ Fast Refresh had to perform a full reload due to a runtime error.
 ✓ Compiled in 54ms
 GET /hangout/test-hangout-1 200 in 233ms
 GET /favicon.ico?favicon.0b3bf435.ico 200 in 247ms
 GET /api/auth/me 200 in 235ms
 GET /favicon.ico?favicon.0b3bf435.ico 200 in 222ms
 GET /hangout/test-hangout-1 200 in 45ms
